Analysis & Synthesis report for count2627
Tue Sep 26 10:43:25 2023
Quartus Prime Version 17.1.0 Build 590 10/25/2017 SJ Lite Edition


---------------------
; Table of Contents ;
---------------------
  1. Legal Notice
  2. Analysis & Synthesis Summary
  3. Analysis & Synthesis Settings
  4. Parallel Compilation
  5. Analysis & Synthesis Source Files Read
  6. Analysis & Synthesis Resource Usage Summary
  7. Analysis & Synthesis Resource Utilization by Entity
  8. Analysis & Synthesis IP Cores Summary
  9. Logic Cells Representing Combinational Loops
 10. General Register Statistics
 11. Parameter Settings for User Entity Instance: count:inst|lpm_counter:LPM_COUNTER_component
 12. Post-Synthesis Netlist Statistics for Top Partition
 13. Elapsed Time Per Partition
 14. Analysis & Synthesis Messages



----------------
; Legal Notice ;
----------------
Copyright (C) 2017  Intel Corporation. All rights reserved.
Your use of Intel Corporation's design tools, logic functions 
and other software and tools, and its AMPP partner logic 
functions, and any output files from any of the foregoing 
(including device programming or simulation files), and any 
associated documentation or information are expressly subject 
to the terms and conditions of the Intel Program License 
Subscription Agreement, the Intel Quartus Prime License Agreement,
the Intel FPGA IP License Agreement, or other applicable license
agreement, including, without limitation, that your use is for
the sole purpose of programming logic devices manufactured by
Intel and sold by Intel or its authorized distributors.  Please
refer to the applicable agreement for further details.



+----------------------------------------------------------------------------------+
; Analysis & Synthesis Summary                                                     ;
+------------------------------------+---------------------------------------------+
; Analysis & Synthesis Status        ; Successful - Tue Sep 26 10:43:25 2023       ;
; Quartus Prime Version              ; 17.1.0 Build 590 10/25/2017 SJ Lite Edition ;
; Revision Name                      ; count2627                                   ;
; Top-level Entity Name              ; count2627                                   ;
; Family                             ; Cyclone IV E                                ;
; Total logic elements               ; 41                                          ;
;     Total combinational functions  ; 41                                          ;
;     Dedicated logic registers      ; 8                                           ;
; Total registers                    ; 8                                           ;
; Total pins                         ; 19                                          ;
; Total virtual pins                 ; 0                                           ;
; Total memory bits                  ; 0                                           ;
; Embedded Multiplier 9-bit elements ; 0                                           ;
; Total PLLs                         ; 0                                           ;
+------------------------------------+---------------------------------------------+


+----------------------------------------------------------------------------------------------------------------------+
; Analysis & Synthesis Settings                                                                                        ;
+----------------------------------------------------------------------------+--------------------+--------------------+
; Option                                                                     ; Setting            ; Default Value      ;
+----------------------------------------------------------------------------+--------------------+--------------------+
; Top-level entity name                                                      ; count2627          ; count2627          ;
; Family name                                                                ; Cyclone IV E       ; Cyclone V          ;
; Use smart compilation                                                      ; Off                ; Off                ;
; Enable parallel Assembler and TimeQuest Timing Analyzer during compilation ; On                 ; On                 ;
; Enable compact report table                                                ; Off                ; Off                ;
; Restructure Multiplexers                                                   ; Auto               ; Auto               ;
; Create Debugging Nodes for IP Cores                                        ; Off                ; Off                ;
; Preserve fewer node names                                                  ; On                 ; On                 ;
; Intel FPGA IP Evaluation Mode                                              ; Enable             ; Enable             ;
; Verilog Version                                                            ; Verilog_2001       ; Verilog_2001       ;
; VHDL Version                                                               ; VHDL_1993          ; VHDL_1993          ;
; State Machine Processing                                                   ; Auto               ; Auto               ;
; Safe State Machine                                                         ; Off                ; Off                ;
; Extract Verilog State Machines                                             ; On                 ; On                 ;
; Extract VHDL State Machines                                                ; On                 ; On                 ;
; Ignore Verilog initial constructs                                          ; Off                ; Off                ;
; Iteration limit for constant Verilog loops                                 ; 5000               ; 5000               ;
; Iteration limit for non-constant Verilog loops                             ; 250                ; 250                ;
; Add Pass-Through Logic to Inferred RAMs                                    ; On                 ; On                 ;
; Infer RAMs from Raw Logic                                                  ; On                 ; On                 ;
; Parallel Synthesis                                                         ; On                 ; On                 ;
; DSP Block Balancing                                                        ; Auto               ; Auto               ;
; NOT Gate Push-Back                                                         ; On                 ; On                 ;
; Power-Up Don't Care                                                        ; On                 ; On                 ;
; Remove Redundant Logic Cells                                               ; Off                ; Off                ;
; Remove Duplicate Registers                                                 ; On                 ; On                 ;
; Ignore CARRY Buffers                                                       ; Off                ; Off                ;
; Ignore CASCADE Buffers                                                     ; Off                ; Off                ;
; Ignore GLOBAL Buffers                                                      ; Off                ; Off                ;
; Ignore ROW GLOBAL Buffers                                                  ; Off                ; Off                ;
; Ignore LCELL Buffers                                                       ; Off                ; Off                ;
; Ignore SOFT Buffers                                                        ; On                 ; On                 ;
; Limit AHDL Integers to 32 Bits                                             ; Off                ; Off                ;
; Optimization Technique                                                     ; Balanced           ; Balanced           ;
; Carry Chain Length                                                         ; 70                 ; 70                 ;
; Auto Carry Chains                                                          ; On                 ; On                 ;
; Auto Open-Drain Pins                                                       ; On                 ; On                 ;
; Perform WYSIWYG Primitive Resynthesis                                      ; Off                ; Off                ;
; Auto ROM Replacement                                                       ; On                 ; On                 ;
; Auto RAM Replacement                                                       ; On                 ; On                 ;
; Auto DSP Block Replacement                                                 ; On                 ; On                 ;
; Auto Shift Register Replacement                                            ; Auto               ; Auto               ;
; Allow Shift Register Merging across Hierarchies                            ; Auto               ; Auto               ;
; Auto Clock Enable Replacement                                              ; On                 ; On                 ;
; Strict RAM Replacement                                                     ; Off                ; Off                ;
; Allow Synchronous Control Signals                                          ; On                 ; On                 ;
; Force Use of Synchronous Clear Signals                                     ; Off                ; Off                ;
; Auto RAM Block Balancing                                                   ; On                 ; On                 ;
; Auto RAM to Logic Cell Conversion                                          ; Off                ; Off                ;
; Auto Resource Sharing                                                      ; Off                ; Off                ;
; Allow Any RAM Size For Recognition                                         ; Off                ; Off                ;
; Allow Any ROM Size For Recognition                                         ; Off                ; Off                ;
; Allow Any Shift Register Size For Recognition                              ; Off                ; Off                ;
; Use LogicLock Constraints during Resource Balancing                        ; On                 ; On                 ;
; Ignore translate_off and synthesis_off directives                          ; Off                ; Off                ;
; Timing-Driven Synthesis                                                    ; On                 ; On                 ;
; Report Parameter Settings                                                  ; On                 ; On                 ;
; Report Source Assignments                                                  ; On                 ; On                 ;
; Report Connectivity Checks                                                 ; On                 ; On                 ;
; Ignore Maximum Fan-Out Assignments                                         ; Off                ; Off                ;
; Synchronization Register Chain Length                                      ; 2                  ; 2                  ;
; Power Optimization During Synthesis                                        ; Normal compilation ; Normal compilation ;
; HDL message level                                                          ; Level2             ; Level2             ;
; Suppress Register Optimization Related Messages                            ; Off                ; Off                ;
; Number of Removed Registers Reported in Synthesis Report                   ; 5000               ; 5000               ;
; Number of Swept Nodes Reported in Synthesis Report                         ; 5000               ; 5000               ;
; Number of Inverted Registers Reported in Synthesis Report                  ; 100                ; 100                ;
; Clock MUX Protection                                                       ; On                 ; On                 ;
; Auto Gated Clock Conversion                                                ; Off                ; Off                ;
; Block Design Naming                                                        ; Auto               ; Auto               ;
; SDC constraint protection                                                  ; Off                ; Off                ;
; Synthesis Effort                                                           ; Auto               ; Auto               ;
; Shift Register Replacement - Allow Asynchronous Clear Signal               ; On                 ; On                 ;
; Pre-Mapping Resynthesis Optimization                                       ; Off                ; Off                ;
; Analysis & Synthesis Message Level                                         ; Medium             ; Medium             ;
; Disable Register Merging Across Hierarchies                                ; Auto               ; Auto               ;
; Resource Aware Inference For Block RAM                                     ; On                 ; On                 ;
+----------------------------------------------------------------------------+--------------------+--------------------+


+------------------------------------------+
; Parallel Compilation                     ;
+----------------------------+-------------+
; Processors                 ; Number      ;
+----------------------------+-------------+
; Number detected on machine ; 12          ;
; Maximum allowed            ; 6           ;
;                            ;             ;
; Average used               ; 1.00        ;
; Maximum used               ; 6           ;
;                            ;             ;
; Usage by Processor         ; % Time Used ;
;     Processor 1            ; 100.0%      ;
;     Processors 2-6         ;   0.0%      ;
+----------------------------+-------------+


+------------------------------------------------------------------------------------------------------------------------------------------------------------------------------------+
; Analysis & Synthesis Source Files Read                                                                                                                                             ;
+----------------------------------+-----------------+------------------------------------+--------------------------------------------------------------------------------+---------+
; File Name with User-Entered Path ; Used in Netlist ; File Type                          ; File Name with Absolute Path                                                   ; Library ;
+----------------------------------+-----------------+------------------------------------+--------------------------------------------------------------------------------+---------+
; count.v                          ; yes             ; User Wizard-Generated File         ; D:/2zy/count.v                                                                 ;         ;
; count2627.bdf                    ; yes             ; User Block Diagram/Schematic File  ; D:/2zy/count2627.bdf                                                           ;         ;
; lpm_counter.tdf                  ; yes             ; Megafunction                       ; c:/intelfpga_lite/17.1/quartus/libraries/megafunctions/lpm_counter.tdf         ;         ;
; lpm_constant.inc                 ; yes             ; Megafunction                       ; c:/intelfpga_lite/17.1/quartus/libraries/megafunctions/lpm_constant.inc        ;         ;
; lpm_decode.inc                   ; yes             ; Megafunction                       ; c:/intelfpga_lite/17.1/quartus/libraries/megafunctions/lpm_decode.inc          ;         ;
; lpm_add_sub.inc                  ; yes             ; Megafunction                       ; c:/intelfpga_lite/17.1/quartus/libraries/megafunctions/lpm_add_sub.inc         ;         ;
; cmpconst.inc                     ; yes             ; Megafunction                       ; c:/intelfpga_lite/17.1/quartus/libraries/megafunctions/cmpconst.inc            ;         ;
; lpm_compare.inc                  ; yes             ; Megafunction                       ; c:/intelfpga_lite/17.1/quartus/libraries/megafunctions/lpm_compare.inc         ;         ;
; lpm_counter.inc                  ; yes             ; Megafunction                       ; c:/intelfpga_lite/17.1/quartus/libraries/megafunctions/lpm_counter.inc         ;         ;
; dffeea.inc                       ; yes             ; Megafunction                       ; c:/intelfpga_lite/17.1/quartus/libraries/megafunctions/dffeea.inc              ;         ;
; alt_counter_stratix.inc          ; yes             ; Megafunction                       ; c:/intelfpga_lite/17.1/quartus/libraries/megafunctions/alt_counter_stratix.inc ;         ;
; aglobal171.inc                   ; yes             ; Megafunction                       ; c:/intelfpga_lite/17.1/quartus/libraries/megafunctions/aglobal171.inc          ;         ;
; db/cntr_b6j.tdf                  ; yes             ; Auto-Generated Megafunction        ; D:/2zy/db/cntr_b6j.tdf                                                         ;         ;
+----------------------------------+-----------------+------------------------------------+--------------------------------------------------------------------------------+---------+


+-----------------------------------------------------------+
; Analysis & Synthesis Resource Usage Summary               ;
+---------------------------------------------+-------------+
; Resource                                    ; Usage       ;
+---------------------------------------------+-------------+
; Estimated Total logic elements              ; 41          ;
;                                             ;             ;
; Total combinational functions               ; 41          ;
; Logic element usage by number of LUT inputs ;             ;
;     -- 4 input functions                    ; 16          ;
;     -- 3 input functions                    ; 0           ;
;     -- <=2 input functions                  ; 25          ;
;                                             ;             ;
; Logic elements by mode                      ;             ;
;     -- normal mode                          ; 34          ;
;     -- arithmetic mode                      ; 7           ;
;                                             ;             ;
; Total registers                             ; 8           ;
;     -- Dedicated logic registers            ; 8           ;
;     -- I/O registers                        ; 0           ;
;                                             ;             ;
; I/O pins                                    ; 19          ;
;                                             ;             ;
; Embedded Multiplier 9-bit elements          ; 0           ;
;                                             ;             ;
; Maximum fan-out node                        ; ALOAD~input ;
; Maximum fan-out                             ; 17          ;
; Total fan-out                               ; 164         ;
; Average fan-out                             ; 1.89        ;
+---------------------------------------------+-------------+


+-------------------------------------------------------------------------------------------------------------------------------------------------------------------------------------------------------------------------------------------------------------------------------------+
; Analysis & Synthesis Resource Utilization by Entity                                                                                                                                                                                                                                 ;
+-------------------------------------------+---------------------+---------------------------+-------------+--------------+---------+-----------+------+--------------+---------------------------------------------------------------------------------+-------------+--------------+
; Compilation Hierarchy Node                ; Combinational ALUTs ; Dedicated Logic Registers ; Memory Bits ; DSP Elements ; DSP 9x9 ; DSP 18x18 ; Pins ; Virtual Pins ; Full Hierarchy Name                                                             ; Entity Name ; Library Name ;
+-------------------------------------------+---------------------+---------------------------+-------------+--------------+---------+-----------+------+--------------+---------------------------------------------------------------------------------+-------------+--------------+
; |count2627                                ; 41 (0)              ; 8 (0)                     ; 0           ; 0            ; 0       ; 0         ; 19   ; 0            ; |count2627                                                                      ; count2627   ; work         ;
;    |count:inst|                           ; 41 (0)              ; 8 (0)                     ; 0           ; 0            ; 0       ; 0         ; 0    ; 0            ; |count2627|count:inst                                                           ; count       ; work         ;
;       |lpm_counter:LPM_COUNTER_component| ; 41 (0)              ; 8 (0)                     ; 0           ; 0            ; 0       ; 0         ; 0    ; 0            ; |count2627|count:inst|lpm_counter:LPM_COUNTER_component                         ; lpm_counter ; work         ;
;          |cntr_b6j:auto_generated|        ; 41 (41)             ; 8 (8)                     ; 0           ; 0            ; 0       ; 0         ; 0    ; 0            ; |count2627|count:inst|lpm_counter:LPM_COUNTER_component|cntr_b6j:auto_generated ; cntr_b6j    ; work         ;
+-------------------------------------------+---------------------+---------------------------+-------------+--------------+---------+-----------+------+--------------+---------------------------------------------------------------------------------+-------------+--------------+
Note: For table entries with two numbers listed, the numbers in parentheses indicate the number of resources of the given type used by the specific entity alone. The numbers listed outside of parentheses indicate the total resources of the given type used by the specific entity and all of its sub-entities in the hierarchy.


+---------------------------------------------------------------------------------------------------------+
; Analysis & Synthesis IP Cores Summary                                                                   ;
+--------+--------------+---------+--------------+--------------+-----------------------+-----------------+
; Vendor ; IP Core Name ; Version ; Release Date ; License Type ; Entity Instance       ; IP Include File ;
+--------+--------------+---------+--------------+--------------+-----------------------+-----------------+
; Altera ; LPM_COUNTER  ; 17.1    ; N/A          ; N/A          ; |count2627|count:inst ; count.v         ;
+--------+--------------+---------+--------------+--------------+-----------------------+-----------------+


+--------------------------------------------------------------------------------------------+
; Logic Cells Representing Combinational Loops                                               ;
+----------------------------------------------------------------------------------------+---+
; Logic Cell Name                                                                        ;   ;
+----------------------------------------------------------------------------------------+---+
; count:inst|lpm_counter:LPM_COUNTER_component|cntr_b6j:auto_generated|latch_signal[7]~0 ;   ;
; count:inst|lpm_counter:LPM_COUNTER_component|cntr_b6j:auto_generated|latch_signal[6]~1 ;   ;
; count:inst|lpm_counter:LPM_COUNTER_component|cntr_b6j:auto_generated|latch_signal[5]~2 ;   ;
; count:inst|lpm_counter:LPM_COUNTER_component|cntr_b6j:auto_generated|latch_signal[4]~3 ;   ;
; count:inst|lpm_counter:LPM_COUNTER_component|cntr_b6j:auto_generated|latch_signal[3]~4 ;   ;
; count:inst|lpm_counter:LPM_COUNTER_component|cntr_b6j:auto_generated|latch_signal[2]~5 ;   ;
; count:inst|lpm_counter:LPM_COUNTER_component|cntr_b6j:auto_generated|latch_signal[1]~6 ;   ;
; count:inst|lpm_counter:LPM_COUNTER_component|cntr_b6j:auto_generated|latch_signal[0]~7 ;   ;
; Number of logic cells representing combinational loops                                 ; 8 ;
+----------------------------------------------------------------------------------------+---+
Note: All cells listed above may not be present at the end of synthesis due to various synthesis optimizations.


+------------------------------------------------------+
; General Register Statistics                          ;
+----------------------------------------------+-------+
; Statistic                                    ; Value ;
+----------------------------------------------+-------+
; Total registers                              ; 8     ;
; Number of registers using Synchronous Clear  ; 0     ;
; Number of registers using Synchronous Load   ; 0     ;
; Number of registers using Asynchronous Clear ; 8     ;
; Number of registers using Asynchronous Load  ; 0     ;
; Number of registers using Clock Enable       ; 0     ;
; Number of registers using Preset             ; 0     ;
+----------------------------------------------+-------+


+-------------------------------------------------------------------------------------------+
; Parameter Settings for User Entity Instance: count:inst|lpm_counter:LPM_COUNTER_component ;
+------------------------+--------------+---------------------------------------------------+
; Parameter Name         ; Value        ; Type                                              ;
+------------------------+--------------+---------------------------------------------------+
; AUTO_CARRY_CHAINS      ; ON           ; AUTO_CARRY                                        ;
; IGNORE_CARRY_BUFFERS   ; OFF          ; IGNORE_CARRY                                      ;
; AUTO_CASCADE_CHAINS    ; ON           ; AUTO_CASCADE                                      ;
; IGNORE_CASCADE_BUFFERS ; OFF          ; IGNORE_CASCADE                                    ;
; LPM_WIDTH              ; 8            ; Signed Integer                                    ;
; LPM_DIRECTION          ; UP           ; Untyped                                           ;
; LPM_MODULUS            ; 0            ; Untyped                                           ;
; LPM_AVALUE             ; UNUSED       ; Untyped                                           ;
; LPM_SVALUE             ; UNUSED       ; Untyped                                           ;
; LPM_PORT_UPDOWN        ; PORT_UNUSED  ; Untyped                                           ;
; DEVICE_FAMILY          ; Cyclone IV E ; Untyped                                           ;
; CARRY_CHAIN            ; MANUAL       ; Untyped                                           ;
; CARRY_CHAIN_LENGTH     ; 48           ; CARRY_CHAIN_LENGTH                                ;
; NOT_GATE_PUSH_BACK     ; ON           ; NOT_GATE_PUSH_BACK                                ;
; CARRY_CNT_EN           ; SMART        ; Untyped                                           ;
; LABWIDE_SCLR           ; ON           ; Untyped                                           ;
; USE_NEW_VERSION        ; TRUE         ; Untyped                                           ;
; CBXI_PARAMETER         ; cntr_b6j     ; Untyped                                           ;
+------------------------+--------------+---------------------------------------------------+
Note: In order to hide this table in the UI and the text report file, please set the "Show Parameter Settings in Synthesis Report" option in "Analysis and Synthesis Settings -> More Settings" to "Off".


+-----------------------------------------------------+
; Post-Synthesis Netlist Statistics for Top Partition ;
+-----------------------+-----------------------------+
; Type                  ; Count                       ;
+-----------------------+-----------------------------+
; boundary_port         ; 19                          ;
; cycloneiii_ff         ; 8                           ;
;     CLR               ; 8                           ;
; cycloneiii_lcell_comb ; 41                          ;
;     arith             ; 7                           ;
;         2 data inputs ; 7                           ;
;     normal            ; 34                          ;
;         1 data inputs ; 1                           ;
;         2 data inputs ; 17                          ;
;         4 data inputs ; 16                          ;
;                       ;                             ;
; Max LUT depth         ; 3.70                        ;
; Average LUT depth     ; 2.60                        ;
+-----------------------+-----------------------------+


+-------------------------------+
; Elapsed Time Per Partition    ;
+----------------+--------------+
; Partition Name ; Elapsed Time ;
+----------------+--------------+
; Top            ; 00:00:00     ;
+----------------+--------------+


+-------------------------------+
; Analysis & Synthesis Messages ;
+-------------------------------+
Info: *******************************************************************
Info: Running Quartus Prime Analysis & Synthesis
    Info: Version 17.1.0 Build 590 10/25/2017 SJ Lite Edition
    Info: Processing started: Tue Sep 26 10:43:18 2023
Info: Command: quartus_map --read_settings_files=on --write_settings_files=off count2627 -c count2627
Warning (18236): Number of processors has not been specified which may cause overloading on shared machines.  Set the global assignment NUM_PARALLEL_PROCESSORS in your QSF to an appropriate value for best performance.
Info (20030): Parallel compilation is enabled and will use 6 of the 6 processors detected
Info (12021): Found 1 design units, including 1 entities, in source file count.v
    Info (12023): Found entity 1: count File: D:/2zy/count.v Line: 39
Info (12021): Found 1 design units, including 1 entities, in source file count2627.bdf
    Info (12023): Found entity 1: count2627
Info (12127): Elaborating entity "count2627" for the top level hierarchy
Info (12128): Elaborating entity "count" for hierarchy "count:inst"
Warning (272007): Counter will power up to an undefined state.  An asynchronous signal should be asserted before the counter reaches a known state. File: D:/2zy/count.v Line: 70
Info (12128): Elaborating entity "lpm_counter" for hierarchy "count:inst|lpm_counter:LPM_COUNTER_component" File: D:/2zy/count.v Line: 70
Info (12130): Elaborated megafunction instantiation "count:inst|lpm_counter:LPM_COUNTER_component" File: D:/2zy/count.v Line: 70
Info (12133): Instantiated megafunction "count:inst|lpm_counter:LPM_COUNTER_component" with the following parameter: File: D:/2zy/count.v Line: 70
    Info (12134): Parameter "lpm_direction" = "UP"
    Info (12134): Parameter "lpm_port_updown" = "PORT_UNUSED"
    Info (12134): Parameter "lpm_type" = "LPM_COUNTER"
    Info (12134): Parameter "lpm_width" = "8"
Warning (287001): Assertion warning: Counter will power up to an undefined state.  An asynchronous signal should be asserted before the counter reaches a known state. File: D:/2zy/db/cntr_b6j.tdf Line: 152
Info (12021): Found 1 design units, including 1 entities, in source file db/cntr_b6j.tdf
    Info (12023): Found entity 1: cntr_b6j File: D:/2zy/db/cntr_b6j.tdf Line: 27
Info (12128): Elaborating entity "cntr_b6j" for hierarchy "count:inst|lpm_counter:LPM_COUNTER_component|cntr_b6j:auto_generated" File: c:/intelfpga_lite/17.1/quartus/libraries/megafunctions/lpm_counter.tdf Line: 258
Info (286030): Timing-Driven Synthesis is running
Info (16010): Generating hard_block partition "hard_block:auto_generated_inst"
    Info (16011): Adding 0 node(s), including 0 DDIO, 0 PLL, 0 transceiver and 0 LCELL
Info (21057): Implemented 60 device resources after synthesis - the final resource count might be different
    Info (21058): Implemented 11 input pins
    Info (21059): Implemented 8 output pins
    Info (21061): Implemented 41 logic cells
Info: Quartus Prime Analysis & Synthesis was successful. 0 errors, 3 warnings
    Info: Peak virtual memory: 4790 megabytes
    Info: Processing ended: Tue Sep 26 10:43:26 2023
    Info: Elapsed time: 00:00:08
    Info: Total CPU time (on all processors): 00:00:17


